<?xml version="1.0" encoding="UTF-8"?>
<!-- Generated by org.testng.reporters.JUnitReportReporter -->
<testsuite skipped="0" hostname="Akanshas-MacBook-Pro.local" name="testCases.settingsTestCases" tests="5" failures="1" timestamp="26 Sep 2018 05:38:17 GMT" time="94.031" errors="0">
  <testcase name="verifyAppVersion" time="16.197" classname="testCases.settingsTestCases"/>
  <testcase name="verifyVisibilityOfPrivacyPolicy" time="19.628" classname="testCases.settingsTestCases">
    <failure type="java.lang.AssertionError" message="No Privacy Policy Page Found">
      <![CDATA[java.lang.AssertionError: No Privacy Policy Page Found
at org.testng.Assert.fail(Assert.java:96)
at chevronClass.displayMessages.FailMessage(displayMessages.java:12)
at chevronClass.settingsPage.verifyPrivacyPolicyPage(settingsPage.java:40)
at testCases.settingsTestCases.verifyVisibilityOfPrivacyPolicy(settingsTestCases.java:35)
at sun.reflect.NativeMethodAccessorImpl.invoke0(Native Method)
at sun.reflect.NativeMethodAccessorImpl.invoke(NativeMethodAccessorImpl.java:62)
at sun.reflect.DelegatingMethodAccessorImpl.invoke(DelegatingMethodAccessorImpl.java:43)
at java.lang.reflect.Method.invoke(Method.java:498)
at org.testng.internal.MethodInvocationHelper.invokeMethod(MethodInvocationHelper.java:124)
at org.testng.internal.Invoker.invokeMethod(Invoker.java:580)
at org.testng.internal.Invoker.invokeTestMethod(Invoker.java:716)
at org.testng.internal.Invoker.invokeTestMethods(Invoker.java:988)
at org.testng.internal.TestMethodWorker.invokeTestMethods(TestMethodWorker.java:125)
at org.testng.internal.TestMethodWorker.run(TestMethodWorker.java:109)
at org.testng.TestRunner.privateRun(TestRunner.java:648)
at org.testng.TestRunner.run(TestRunner.java:505)
at org.testng.SuiteRunner.runTest(SuiteRunner.java:455)
at org.testng.SuiteRunner.runSequentially(SuiteRunner.java:450)
at org.testng.SuiteRunner.privateRun(SuiteRunner.java:415)
at org.testng.SuiteRunner.run(SuiteRunner.java:364)
at org.testng.SuiteRunnerWorker.runSuite(SuiteRunnerWorker.java:52)
at org.testng.SuiteRunnerWorker.run(SuiteRunnerWorker.java:84)
at org.testng.TestNG.runSuitesSequentially(TestNG.java:1208)
at org.testng.TestNG.runSuitesLocally(TestNG.java:1137)
at org.testng.TestNG.runSuites(TestNG.java:1049)
at org.testng.TestNG.run(TestNG.java:1017)
at org.testng.remote.AbstractRemoteTestNG.run(AbstractRemoteTestNG.java:114)
at org.testng.remote.RemoteTestNG.initAndRun(RemoteTestNG.java:251)
at org.testng.remote.RemoteTestNG.main(RemoteTestNG.java:77)
]]>
    </failure>
  </testcase> <!-- verifyVisibilityOfPrivacyPolicy -->
  <testcase name="verifyHeaderOfPolicy" time="18.817" classname="testCases.settingsTestCases"/>
  <testcase name="verifyDoneButton" time="18.282" classname="testCases.settingsTestCases"/>
  <testcase name="verifyBackButton" time="21.107" classname="testCases.settingsTestCases"/>
</testsuite> <!-- testCases.settingsTestCases -->
